#
# There is insufficient memory for the Java Runtime Environment to continue.
# Native memory allocation (malloc) failed to allocate 1048576 bytes for AllocateHeap
# Possible reasons:
#   The system is out of physical RAM or swap space
#   In 32 bit mode, the process size limit was hit
# Possible solutions:
#   Reduce memory load on the system
#   Increase physical memory or swap space
#   Check if swap backing store is full
#   Use 64 bit Java on a 64 bit OS
#   Decrease Java heap size (-Xmx/-Xms)
#   Decrease number of Java threads
#   Decrease Java thread stack sizes (-Xss)
#   Set larger code cache with -XX:ReservedCodeCacheSize=
# This output file may be truncated or incomplete.
#
#  Out of Memory Error (memory/allocation.inline.hpp:61), pid=20512, tid=0x0000000000002760
#
# JRE version:  (8.0_181-b13) (build )
# Java VM: Java HotSpot(TM) 64-Bit Server VM (25.181-b13 mixed mode windows-amd64 compressed oops)
# Failed to write core dump. Minidumps are not enabled by default on client versions of Windows
#

---------------  T H R E A D  ---------------

Current thread (0x000000000133d800):  JavaThread "Unknown thread" [_thread_in_vm, id=10080, stack(0x0000000002af0000,0x0000000002bf0000)]

Stack: [0x0000000002af0000,0x0000000002bf0000]
[error occurred during error reporting (printing stack bounds), id 0xc0000005]

Native frames: (J=compiled Java code, j=interpreted, Vv=VM code, C=native code)


---------------  P R O C E S S  ---------------

Java Threads: ( => current thread )

Other Threads:

=>0x000000000133d800 (exited) JavaThread "Unknown thread" [_thread_in_vm, id=10080, stack(0x0000000002af0000,0x0000000002bf0000)]

VM state:not at safepoint (normal execution)

VM Mutex/Monitor currently owned by a thread: None

Heap:
 PSYoungGen      total 38400K, used 665K [0x00000000d5f00000, 0x00000000d8980000, 0x0000000100000000)
  eden space 33280K, 2% used [0x00000000d5f00000,0x00000000d5fa6670,0x00000000d7f80000)
  from space 5120K, 0% used [0x00000000d8480000,0x00000000d8480000,0x00000000d8980000)
  to   space 5120K, 0% used [0x00000000d7f80000,0x00000000d7f80000,0x00000000d8480000)
 ParOldGen       total 87552K, used 0K [0x0000000081c00000, 0x0000000087180000, 0x00000000d5f00000)
  object space 87552K, 0% used [0x0000000081c00000,0x0000000081c00000,0x0000000087180000)
 Metaspace       used 751K, capacity 4480K, committed 4480K, reserved 1056768K
  class space    used 76K, capacity 384K, committed 384K, reserved 1048576K

Card table byte_map: [0x00000000121b0000,0x00000000125b0000] byte_map_base: 0x0000000011da2000

Marking Bits: (ParMarkBitMap*) 0x000000005db62d00
 Begin Bits: [0x0000000012c60000, 0x0000000014bf0000)
 End Bits:   [0x0000000014bf0000, 0x0000000016b80000)

Polling page: 0x0000000000e20000

CodeCache: size=245760Kb used=328Kb max_used=328Kb free=245431Kb
 bounds [0x0000000002df0000, 0x0000000003060000, 0x0000000011df0000]
 total_blobs=58 nmethods=0 adapters=38
 compilation: enabled

Compilation events (0 events):
No events

GC Heap History (0 events):
No events

Deoptimization events (0 events):
No events

Classes redefined (0 events):
No events

Internal exceptions (0 events):
No events

Events (10 events):
Event: 0.027 loading class java/lang/Short
Event: 0.027 loading class java/lang/Short done
Event: 0.027 loading class java/lang/Integer
Event: 0.027 loading class java/lang/Integer done
Event: 0.027 loading class java/lang/Long
Event: 0.027 loading class java/lang/Long done
Event: 0.028 loading class java/lang/NullPointerException
Event: 0.028 loading class java/lang/NullPointerException done
Event: 0.028 loading class java/lang/ArithmeticException
Event: 0.028 loading class java/lang/ArithmeticException done


Dynamic libraries:
0x00007ff78db40000 - 0x00007ff78db77000 	C:\Program Files\Java\jre1.8.0_181\bin\javaw.exe
0x00007ff8c0820000 - 0x00007ff8c0a10000 	C:\WINDOWS\SYSTEM32\ntdll.dll
0x00007ff8bff80000 - 0x00007ff8c0032000 	C:\WINDOWS\System32\KERNEL32.DLL
0x00007ff8be580000 - 0x00007ff8be823000 	C:\WINDOWS\System32\KERNELBASE.dll
0x00007ff8be8d0000 - 0x00007ff8be973000 	C:\WINDOWS\System32\ADVAPI32.dll
0x00007ff8bfc90000 - 0x00007ff8bfd2e000 	C:\WINDOWS\System32\msvcrt.dll
0x00007ff8c0580000 - 0x00007ff8c0617000 	C:\WINDOWS\System32\sechost.dll
0x00007ff8bf390000 - 0x00007ff8bf4b0000 	C:\WINDOWS\System32\RPCRT4.dll
0x00007ff8bea30000 - 0x00007ff8bebc4000 	C:\WINDOWS\System32\USER32.dll
0x00007ff8be550000 - 0x00007ff8be571000 	C:\WINDOWS\System32\win32u.dll
0x00007ff8bff50000 - 0x00007ff8bff76000 	C:\WINDOWS\System32\GDI32.dll
0x00007ff8bdbd0000 - 0x00007ff8bdd64000 	C:\WINDOWS\System32\gdi32full.dll
0x00007ff8bdb30000 - 0x00007ff8bdbce000 	C:\WINDOWS\System32\msvcp_win.dll
0x00007ff8bd890000 - 0x00007ff8bd98a000 	C:\WINDOWS\System32\ucrtbase.dll
0x00007ff8aedc0000 - 0x00007ff8af045000 	C:\WINDOWS\WinSxS\amd64_microsoft.windows.common-controls_6595b64144ccf1df_6.0.18362.592_none_e6c0b1911312be02\COMCTL32.dll
0x00007ff8c0100000 - 0x00007ff8c0436000 	C:\WINDOWS\System32\combase.dll
0x00007ff8be830000 - 0x00007ff8be8b0000 	C:\WINDOWS\System32\bcryptPrimitives.dll
0x00007ff8c0050000 - 0x00007ff8c007e000 	C:\WINDOWS\System32\IMM32.DLL
0x000000005d0a0000 - 0x000000005d172000 	C:\Program Files\Java\jre1.8.0_181\bin\msvcr100.dll
0x000000005d340000 - 0x000000005dbe2000 	C:\Program Files\Java\jre1.8.0_181\bin\server\jvm.dll
0x00007ff8bfe00000 - 0x00007ff8bfe08000 	C:\WINDOWS\System32\PSAPI.DLL
0x00007ff885720000 - 0x00007ff885729000 	C:\WINDOWS\SYSTEM32\WSOCK32.dll
0x00007ff8b1a30000 - 0x00007ff8b1a54000 	C:\WINDOWS\SYSTEM32\WINMM.dll
0x00007ff8bfd90000 - 0x00007ff8bfdff000 	C:\WINDOWS\System32\WS2_32.dll
0x00007ff8ba0e0000 - 0x00007ff8ba0ea000 	C:\WINDOWS\SYSTEM32\VERSION.dll
0x00007ff8b1a00000 - 0x00007ff8b1a2d000 	C:\WINDOWS\SYSTEM32\WINMMBASE.dll
0x00007ff8bdae0000 - 0x00007ff8bdb2a000 	C:\WINDOWS\System32\cfgmgr32.dll
0x000000005d250000 - 0x000000005d25f000 	C:\Program Files\Java\jre1.8.0_181\bin\verify.dll
0x000000005d220000 - 0x000000005d249000 	C:\Program Files\Java\jre1.8.0_181\bin\java.dll
0x000000005d200000 - 0x000000005d216000 	C:\Program Files\Java\jre1.8.0_181\bin\zip.dll

VM Arguments:
jvm_args: -Dfile.encoding=Cp1252 
java_command: TSP.Main
java_class_path (initial): C:\Users\Damon\eclipse-workspace\TravellingSalesPerson\bin
Launcher Type: SUN_STANDARD

Environment Variables:
PATH=C:/Program Files/Java/jre1.8.0_181/bin/server;C:/Program Files/Java/jre1.8.0_181/bin;C:/Program Files/Java/jre1.8.0_181/lib/amd64;C:\Program Files (x86)\Common Files\Oracle\Java\javapath;C:\WINDOWS\system32;C:\WINDOWS;C:\WINDOWS\System32\Wbem;C:\WINDOWS\System32\WindowsPowerShell\v1.0\;C:\WINDOWS\System32\OpenSSH\;C:\Users\Damon\AppData\Local\Microsoft\WindowsApps;C:\Users\Damon\AppData\Local\Microsoft\WindowsApps;C:\WINDOWS\system32;
USERNAME=Damon
OS=Windows_NT
PROCESSOR_IDENTIFIER=Intel64 Family 6 Model 60 Stepping 3, GenuineIntel



---------------  S Y S T E M  ---------------

OS: Windows 10.0 , 64 bit Build 18362 (10.0.18362.329)

CPU:total 4 (initial active 4) (4 cores per cpu, 1 threads per core) family 6 model 60 stepping 3, cmov, cx8, fxsr, mmx, sse, sse2, sse3, ssse3, sse4.1, sse4.2, popcnt, avx, avx2, aes, clmul, erms, lzcnt, tsc, tscinvbit, bmi1, bmi2

Memory: 4k page, physical 8272836k(1218092k free), swap 33438660k(6028k free)

vm_info: Java HotSpot(TM) 64-Bit Server VM (25.181-b13) for windows-amd64 JRE (1.8.0_181-b13), built on Jul  7 2018 04:01:33 by "java_re" with MS VC++ 10.0 (VS2010)

time: Fri Jan 17 04:01:21 2020
elapsed time: 0 seconds (0d 0h 0m 0s)

